sih_forest_app (copy)/app/build/intermediates/manifest_merge_blame_file/debug/manifest-merger-blame-debug-report.txt
1<?xml version="1.0" encoding="utf-8"?>
2<manifest xmlns:android="http://schemas.android.com/apk/res/android"
3    package="com.example.forest"
4    android:versionCode="1"
5    android:versionName="1.0" >
6
7    <uses-sdk
8        android:minSdkVersion="16"
8-->src/main/AndroidManifest.xml
9        android:targetSdkVersion="29" />
9-->src/main/AndroidManifest.xml
10
11    <uses-permission android:name="android.permission.ACCESS_WIFI_STATE" />
11-->src/main/AndroidManifest.xml:35:5-76
11-->src/main/AndroidManifest.xml:35:22-73
12    <uses-permission android:name="android.permission.CHANGE_WIFI_STATE" />
12-->src/main/AndroidManifest.xml:36:5-76
12-->src/main/AndroidManifest.xml:36:22-73
13    <uses-permission android:name="android.permission.ACCESS_NETWORK_STATE" />
13-->src/main/AndroidManifest.xml:37:5-79
13-->src/main/AndroidManifest.xml:37:22-76
14    <uses-permission android:name="android.permission.CHANGE_NETWORK_STATE" />
14-->src/main/AndroidManifest.xml:38:5-79
14-->src/main/AndroidManifest.xml:38:22-76
15    <uses-permission android:name="android.permission.ACCESS_COARSE_LOCATION" />
15-->src/main/AndroidManifest.xml:39:5-81
15-->src/main/AndroidManifest.xml:39:22-78
16    <uses-permission android:name="android.permission.WAKE_LOCK" />
16-->src/main/AndroidManifest.xml:40:5-68
16-->src/main/AndroidManifest.xml:40:22-65
17    <uses-permission android:name="android.permission.READ_PHONE_STATE" />
17-->src/main/AndroidManifest.xml:41:5-75
17-->src/main/AndroidManifest.xml:41:22-72
18    <uses-permission android:name="android.permission.RECEIVE_BOOT_COMPLETED" />
18-->src/main/AndroidManifest.xml:42:5-81
18-->src/main/AndroidManifest.xml:42:22-78
19    <uses-permission android:name="android.permission.VIBRATE" />
19-->src/main/AndroidManifest.xml:43:5-66
19-->src/main/AndroidManifest.xml:43:22-63
20    <uses-permission android:name="android.permission.INTERNET" />
20-->src/main/AndroidManifest.xml:44:5-67
20-->src/main/AndroidManifest.xml:44:22-64
21    <uses-permission android:name="android.permission.ACCESS_FINE_LOCATION" />
21-->src/main/AndroidManifest.xml:46:5-79
21-->src/main/AndroidManifest.xml:46:22-76
22
23    <uses-feature
23-->[com.mapbox.mapboxsdk:mapbox-android-sdk:9.2.0] AndroidManifest.xml:9:5-11:35
24        android:glEsVersion="0x00020000"
24-->[com.mapbox.mapboxsdk:mapbox-android-sdk:9.2.0] AndroidManifest.xml:10:9-41
25        android:required="true" />
25-->[com.mapbox.mapboxsdk:mapbox-android-sdk:9.2.0] AndroidManifest.xml:11:9-32
26    <uses-feature
26-->[com.mapbox.mapboxsdk:mapbox-android-sdk:9.2.0] AndroidManifest.xml:12:5-14:36
27        android:name="android.hardware.wifi"
27-->[com.mapbox.mapboxsdk:mapbox-android-sdk:9.2.0] AndroidManifest.xml:13:9-45
28        android:required="false" />
28-->[com.mapbox.mapboxsdk:mapbox-android-sdk:9.2.0] AndroidManifest.xml:14:9-33
29
30    <application
30-->src/main/AndroidManifest.xml:5:5-34:19
31        android:name="com.example.forest.Appcontroller"
31-->src/main/AndroidManifest.xml:6:9-38
32        android:allowBackup="true"
32-->src/main/AndroidManifest.xml:7:9-35
33        android:appComponentFactory="androidx.core.app.CoreComponentFactory"
33-->[androidx.core:core:1.1.0] AndroidManifest.xml:24:18-86
34        android:debuggable="true"
35        android:icon="@mipmap/ic_launcher"
35-->src/main/AndroidManifest.xml:8:9-43
36        android:label="Forest"
36-->src/main/AndroidManifest.xml:9:9-31
37        android:roundIcon="@mipmap/ic_launcher_round"
37-->src/main/AndroidManifest.xml:10:9-54
38        android:supportsRtl="true"
38-->src/main/AndroidManifest.xml:11:9-35
39        android:testOnly="true"
40        android:theme="@style/AppTheme" >
40-->src/main/AndroidManifest.xml:12:9-40
41        <activity android:name="com.example.forest.AlertMap" />
41-->src/main/AndroidManifest.xml:13:9-55
41-->src/main/AndroidManifest.xml:13:19-43
42        <activity android:name="com.example.forest.Prediction" />
42-->src/main/AndroidManifest.xml:14:9-48
42-->src/main/AndroidManifest.xml:14:19-45
43        <activity android:name="com.example.forest.MainActivity" />
43-->src/main/AndroidManifest.xml:15:9-50
43-->src/main/AndroidManifest.xml:15:19-47
44        <activity android:name="com.example.forest.LocationActivity" />
44-->src/main/AndroidManifest.xml:16:9-54
44-->src/main/AndroidManifest.xml:16:19-51
45        <activity android:name="com.example.forest.TaskActivity" />
45-->src/main/AndroidManifest.xml:17:9-50
45-->src/main/AndroidManifest.xml:17:19-47
46        <activity android:name="com.example.forest.MapActivity" />
46-->src/main/AndroidManifest.xml:18:9-49
46-->src/main/AndroidManifest.xml:18:19-46
47        <activity android:name="com.example.forest.HomeActivity" />
47-->src/main/AndroidManifest.xml:19:9-50
47-->src/main/AndroidManifest.xml:19:19-47
48        <activity
48-->src/main/AndroidManifest.xml:20:9-21:51
49            android:name="com.example.forest.AlertActivity"
49-->src/main/AndroidManifest.xml:20:19-48
50            android:screenOrientation="portrait" />
50-->src/main/AndroidManifest.xml:21:13-49
51        <activity android:name="com.example.forest.SplashActivity" >
51-->src/main/AndroidManifest.xml:22:9-28:20
51-->src/main/AndroidManifest.xml:22:19-49
52            <intent-filter>
52-->src/main/AndroidManifest.xml:23:13-27:29
53                <action android:name="android.intent.action.MAIN" />
53-->src/main/AndroidManifest.xml:24:17-69
53-->src/main/AndroidManifest.xml:24:25-66
54
55                <category android:name="android.intent.category.LAUNCHER" />
55-->src/main/AndroidManifest.xml:26:17-77
55-->src/main/AndroidManifest.xml:26:27-74
56            </intent-filter>
57        </activity>
58
59        <service android:name="org.eclipse.paho.android.service.MqttService" />
59-->src/main/AndroidManifest.xml:30:9-88
59-->src/main/AndroidManifest.xml:30:18-77
60        <service android:name="com.example.forest.MqttService" />
60-->src/main/AndroidManifest.xml:31:9-56
60-->src/main/AndroidManifest.xml:31:18-45
61        <service android:name="com.example.forest.ForestService" />
61-->src/main/AndroidManifest.xml:32:9-58
61-->src/main/AndroidManifest.xml:32:18-47
62        <service android:name="com.example.forest.InternetService" />
62-->src/main/AndroidManifest.xml:33:9-60
62-->src/main/AndroidManifest.xml:33:18-49
63        <service
63-->[com.google.firebase:firebase-firestore:21.4.3] AndroidManifest.xml:17:9-23:19
64            android:name="com.google.firebase.components.ComponentDiscoveryService"
64-->[com.google.firebase:firebase-firestore:21.4.3] AndroidManifest.xml:18:13-84
65            android:directBootAware="true"
65-->[com.google.firebase:firebase-common:19.3.0] AndroidManifest.xml:34:13-43
66            android:exported="false" >
66-->[com.google.firebase:firebase-firestore:21.4.3] AndroidManifest.xml:19:13-37
67            <meta-data
67-->[com.google.firebase:firebase-firestore:21.4.3] AndroidManifest.xml:20:13-22:85
68                android:name="com.google.firebase.components:com.google.firebase.firestore.FirestoreRegistrar"
68-->[com.google.firebase:firebase-firestore:21.4.3] AndroidManifest.xml:21:17-111
69                android:value="com.google.firebase.components.ComponentRegistrar" />
69-->[com.google.firebase:firebase-firestore:21.4.3] AndroidManifest.xml:22:17-82
70        </service>
71
72        <provider
72-->[com.mapbox.mapboxsdk:mapbox-android-telemetry:5.0.1] AndroidManifest.xml:18:9-22:39
73            android:name="com.mapbox.android.telemetry.provider.MapboxTelemetryInitProvider"
73-->[com.mapbox.mapboxsdk:mapbox-android-telemetry:5.0.1] AndroidManifest.xml:19:13-93
74            android:authorities="com.example.forest.mapboxtelemetryinitprovider"
74-->[com.mapbox.mapboxsdk:mapbox-android-telemetry:5.0.1] AndroidManifest.xml:20:13-79
75            android:exported="false"
75-->[com.mapbox.mapboxsdk:mapbox-android-telemetry:5.0.1] AndroidManifest.xml:21:13-37
76            android:initOrder="100" />
76-->[com.mapbox.mapboxsdk:mapbox-android-telemetry:5.0.1] AndroidManifest.xml:22:13-36
77
78        <service
78-->[com.mapbox.mapboxsdk:mapbox-android-telemetry:5.0.1] AndroidManifest.xml:24:9-26:72
79            android:name="com.mapbox.android.telemetry.errors.ErrorReporterJobIntentService"
79-->[com.mapbox.mapboxsdk:mapbox-android-telemetry:5.0.1] AndroidManifest.xml:25:13-93
80            android:permission="android.permission.BIND_JOB_SERVICE" />
80-->[com.mapbox.mapboxsdk:mapbox-android-telemetry:5.0.1] AndroidManifest.xml:26:13-69
81
82        <activity
82-->[com.google.android.gms:play-services-base:17.0.0] AndroidManifest.xml:23:9-26:75
83            android:name="com.google.android.gms.common.api.GoogleApiActivity"
83-->[com.google.android.gms:play-services-base:17.0.0] AndroidManifest.xml:24:13-79
84            android:exported="false"
84-->[com.google.android.gms:play-services-base:17.0.0] AndroidManifest.xml:25:13-37
85            android:theme="@android:style/Theme.Translucent.NoTitleBar" />
85-->[com.google.android.gms:play-services-base:17.0.0] AndroidManifest.xml:26:13-72
86
87        <provider
87-->[com.google.firebase:firebase-common:19.3.0] AndroidManifest.xml:26:9-30:39
88            android:name="com.google.firebase.provider.FirebaseInitProvider"
88-->[com.google.firebase:firebase-common:19.3.0] AndroidManifest.xml:27:13-77
89            android:authorities="com.example.forest.firebaseinitprovider"
89-->[com.google.firebase:firebase-common:19.3.0] AndroidManifest.xml:28:13-72
90            android:exported="false"
90-->[com.google.firebase:firebase-common:19.3.0] AndroidManifest.xml:29:13-37
91            android:initOrder="100" />
91-->[com.google.firebase:firebase-common:19.3.0] AndroidManifest.xml:30:13-36
92
93        <meta-data
93-->[com.google.android.gms:play-services-basement:17.0.0] AndroidManifest.xml:23:9-25:69
94            android:name="com.google.android.gms.version"
94-->[com.google.android.gms:play-services-basement:17.0.0] AndroidManifest.xml:24:13-58
95            android:value="@integer/google_play_services_version" />
95-->[com.google.android.gms:play-services-basement:17.0.0] AndroidManifest.xml:25:13-66
96    </application>
97
98</manifest>